生成启动时间为 2016/6/14 17:26:24。
     1>项目“H:\0.C++_Study\GeoSymbolSys\GeoSymbolSys\GeoSymbolSys.vcxproj”在节点 2 上(rebuild 个目标)。
     1>_PrepareForClean:
         正在删除文件“Debug\GeoSymbolSys.lastbuildstate”。
       InitializeBuildStatus:
         正在创建“Debug\GeoSymbolSys.unsuccessfulbuild”，因为已指定“AlwaysCreate”。
       ClCompile:
         d:\VS2010\VC\bin\CL.exe /c /ZI /nologo /W3 /WX- /Od /Oy- /D WIN32 /D _WINDOWS /D _DEBUG /D _MBCS /D _AFXDLL /Gm /EHsc /RTC1 /MDd /GS /fp:precise /Zc:wchar_t /Zc:forScope /Yc"StdAfx.h" /Fp"Debug\GeoSymbolSys.pch" /Fo"Debug\\" /Fd"Debug\vc100.pdb" /Gd /TP /analyze- /errorReport:prompt stdafx.cpp
         stdafx.cpp
         d:\VS2010\VC\bin\CL.exe /c /ZI /nologo /W3 /WX- /Od /Oy- /D WIN32 /D _WINDOWS /D _DEBUG /D _MBCS /D _AFXDLL /Gm /EHsc /RTC1 /MDd /GS /fp:precise /Zc:wchar_t /Zc:forScope /Yu"StdAfx.h" /Fp"Debug\GeoSymbolSys.pch" /Fo"Debug\\" /Fd"Debug\vc100.pdb" /Gd /TP /analyze- /errorReport:prompt AreaRect.cpp GeoSymbolSys.cpp GeoSymbolSysDoc.cpp GeoSymbolSysView.cpp GIS_GeoLine.cpp GIS_GeoPoint.cpp GIS_SymEleArc.cpp GIS_SymEleCircle.cpp GIS_SymLine.cpp GIS_SymElePloy.cpp GIS_SymPoint.cpp GIS_SymEleRect.cpp GIS_SymEleSegment.cpp GIS_ToolAddLine.cpp GIS_ToolAddPnt.cpp GIS_ToolPan.cpp GIS_ToolSelect.cpp GIS_ToolZoomIn.cpp GIS_ToolZoomOut.cpp GISWorkSpace.cpp IGIS_GeoEleBase.cpp IGIS_SymBase.cpp IGIS_SymElement.cpp IGIS_ToolBase.cpp MainFrm.cpp Vertex2D.cpp
         Vertex2D.cpp
         MainFrm.cpp
         IGIS_ToolBase.cpp
         IGIS_SymElement.cpp
         IGIS_SymBase.cpp
         IGIS_GeoEleBase.cpp
         GISWorkSpace.cpp
         GIS_ToolZoomOut.cpp
         GIS_ToolZoomIn.cpp
         GIS_ToolSelect.cpp
         GIS_ToolPan.cpp
         GIS_ToolAddPnt.cpp
         GIS_ToolAddLine.cpp
         GIS_SymEleSegment.cpp
         GIS_SymEleRect.cpp
         GIS_SymPoint.cpp
         GIS_SymElePloy.cpp
         GIS_SymLine.cpp
         GIS_SymEleCircle.cpp
         GIS_SymEleArc.cpp
         正在生成代码...
         正在编译...
         GIS_GeoPoint.cpp
         GIS_GeoLine.cpp
         GeoSymbolSysView.cpp
         GeoSymbolSysDoc.cpp
         GeoSymbolSys.cpp
         AreaRect.cpp
         正在生成代码...
       ResourceCompile:
         C:\Program Files (x86)\Microsoft SDKs\Windows\v7.0A\bin\rc.exe /D _DEBUG /D _AFXDLL /l"0x0804" /IDebug\ /nologo /fo"Debug\GeoSymbolSys.res" GeoSymbolSys.rc 
       ManifestResourceCompile:
         C:\Program Files (x86)\Microsoft SDKs\Windows\v7.0A\bin\rc.exe /nologo /fo"Debug\GeoSymbolSys.exe.embed.manifest.res" Debug\GeoSymbolSys_manifest.rc 
       Link:
         d:\VS2010\VC\bin\link.exe /ERRORREPORT:PROMPT /OUT:"H:\0.C++_Study\GeoSymbolSys\Debug\GeoSymbolSys.exe" /INCREMENTAL /NOLOGO /MANIFEST /ManifestFile:"Debug\GeoSymbolSys.exe.intermediate.manifest" /MANIFESTUAC:"level='asInvoker' uiAccess='false'" /DEBUG /PDB:"H:\0.C++_Study\GeoSymbolSys\Debug\GeoSymbolSys.pdb" /SUBSYSTEM:WINDOWS /TLBID:1 /DYNAMICBASE /NXCOMPAT /IMPLIB:"H:\0.C++_Study\GeoSymbolSys\Debug\GeoSymbolSys.lib" /MACHINE:X86 Debug\GeoSymbolSys.res
         Debug\GeoSymbolSys.exe.embed.manifest.res
         Debug\AreaRect.obj
         Debug\GeoSymbolSys.obj
         Debug\GeoSymbolSysDoc.obj
         Debug\GeoSymbolSysView.obj
         Debug\GIS_GeoLine.obj
         Debug\GIS_GeoPoint.obj
         Debug\GIS_SymEleArc.obj
         Debug\GIS_SymEleCircle.obj
         Debug\GIS_SymLine.obj
         Debug\GIS_SymElePloy.obj
         Debug\GIS_SymPoint.obj
         Debug\GIS_SymEleRect.obj
         Debug\GIS_SymEleSegment.obj
         Debug\GIS_ToolAddLine.obj
         Debug\GIS_ToolAddPnt.obj
         Debug\GIS_ToolPan.obj
         Debug\GIS_ToolSelect.obj
         Debug\GIS_ToolZoomIn.obj
         Debug\GIS_ToolZoomOut.obj
         Debug\GISWorkSpace.obj
         Debug\IGIS_GeoEleBase.obj
         Debug\IGIS_SymBase.obj
         Debug\IGIS_SymElement.obj
         Debug\IGIS_ToolBase.obj
         Debug\MainFrm.obj
         Debug\stdafx.obj
         Debug\Vertex2D.obj
       Manifest:
         正在删除文件“Debug\GeoSymbolSys.exe.embed.manifest”。
         C:\Program Files (x86)\Microsoft SDKs\Windows\v7.0A\bin\mt.exe /nologo /verbose /out:"Debug\GeoSymbolSys.exe.embed.manifest" /manifest Debug\GeoSymbolSys.exe.intermediate.manifest d:\VS2010\VC\Include\Manifest\dpiaware.manifest
         C:\Program Files (x86)\Microsoft SDKs\Windows\v7.0A\bin\rc.exe /nologo /fo"Debug\GeoSymbolSys.exe.embed.manifest.res" Debug\GeoSymbolSys_manifest.rc 
       LinkEmbedManifest:
         d:\VS2010\VC\bin\link.exe /ERRORREPORT:PROMPT /OUT:"H:\0.C++_Study\GeoSymbolSys\Debug\GeoSymbolSys.exe" /INCREMENTAL /NOLOGO /MANIFEST /ManifestFile:"Debug\GeoSymbolSys.exe.intermediate.manifest" /MANIFESTUAC:"level='asInvoker' uiAccess='false'" /DEBUG /PDB:"H:\0.C++_Study\GeoSymbolSys\Debug\GeoSymbolSys.pdb" /SUBSYSTEM:WINDOWS /TLBID:1 /DYNAMICBASE /NXCOMPAT /IMPLIB:"H:\0.C++_Study\GeoSymbolSys\Debug\GeoSymbolSys.lib" /MACHINE:X86 Debug\GeoSymbolSys.res
         Debug\GeoSymbolSys.exe.embed.manifest.res
         Debug\AreaRect.obj
         Debug\GeoSymbolSys.obj
         Debug\GeoSymbolSysDoc.obj
         Debug\GeoSymbolSysView.obj
         Debug\GIS_GeoLine.obj
         Debug\GIS_GeoPoint.obj
         Debug\GIS_SymEleArc.obj
         Debug\GIS_SymEleCircle.obj
         Debug\GIS_SymLine.obj
         Debug\GIS_SymElePloy.obj
         Debug\GIS_SymPoint.obj
         Debug\GIS_SymEleRect.obj
         Debug\GIS_SymEleSegment.obj
         Debug\GIS_ToolAddLine.obj
         Debug\GIS_ToolAddPnt.obj
         Debug\GIS_ToolPan.obj
         Debug\GIS_ToolSelect.obj
         Debug\GIS_ToolZoomIn.obj
         Debug\GIS_ToolZoomOut.obj
         Debug\GISWorkSpace.obj
         Debug\IGIS_GeoEleBase.obj
         Debug\IGIS_SymBase.obj
         Debug\IGIS_SymElement.obj
         Debug\IGIS_ToolBase.obj
         Debug\MainFrm.obj
         Debug\stdafx.obj
         Debug\Vertex2D.obj
         GeoSymbolSys.vcxproj -> H:\0.C++_Study\GeoSymbolSys\Debug\GeoSymbolSys.exe
       FinalizeBuildStatus:
         正在删除文件“Debug\GeoSymbolSys.unsuccessfulbuild”。
         正在对“Debug\GeoSymbolSys.lastbuildstate”执行 Touch 任务。
     1>已完成生成项目“H:\0.C++_Study\GeoSymbolSys\GeoSymbolSys\GeoSymbolSys.vcxproj”(rebuild 个目标)的操作。

生成成功。

已用时间 00:00:47.17
