F:\0.C++_STUDY\GEOSYMBOLSYS\DEBUG\GEOSYMBOLSYS.EXE
F:\0.C++_STUDY\GEOSYMBOLSYS\DEBUG\GEOSYMBOLSYS.ILK
F:\0.C++_STUDY\GEOSYMBOLSYS\DEBUG\GEOSYMBOLSYS.PDB
F:\0.C++_STUDY\GEOSYMBOLSYS\GEOSYMBOLSYS\DEBUG\AREARECT.OBJ
F:\0.C++_STUDY\GEOSYMBOLSYS\GEOSYMBOLSYS\DEBUG\GEOSYMBOLSYS.EXE.EMBED.MANIFEST
F:\0.C++_STUDY\GEOSYMBOLSYS\GEOSYMBOLSYS\DEBUG\GEOSYMBOLSYS.EXE.EMBED.MANIFEST.RES
F:\0.C++_STUDY\GEOSYMBOLSYS\GEOSYMBOLSYS\DEBUG\GEOSYMBOLSYS.EXE.INTERMEDIATE.MANIFEST
F:\0.C++_STUDY\GEOSYMBOLSYS\GEOSYMBOLSYS\DEBUG\GEOSYMBOLSYS.OBJ
F:\0.C++_STUDY\GEOSYMBOLSYS\GEOSYMBOLSYS\DEBUG\GEOSYMBOLSYS.PCH
F:\0.C++_STUDY\GEOSYMBOLSYS\GEOSYMBOLSYS\DEBUG\GEOSYMBOLSYS.RES
F:\0.C++_STUDY\GEOSYMBOLSYS\GEOSYMBOLSYS\DEBUG\GEOSYMBOLSYSDOC.OBJ
F:\0.C++_STUDY\GEOSYMBOLSYS\GEOSYMBOLSYS\DEBUG\GEOSYMBOLSYSVIEW.OBJ
F:\0.C++_STUDY\GEOSYMBOLSYS\GEOSYMBOLSYS\DEBUG\GIS_GEOLINE.OBJ
F:\0.C++_STUDY\GEOSYMBOLSYS\GEOSYMBOLSYS\DEBUG\GIS_GEOPOINT.OBJ
F:\0.C++_STUDY\GEOSYMBOLSYS\GEOSYMBOLSYS\DEBUG\GIS_SYMELEARC.OBJ
F:\0.C++_STUDY\GEOSYMBOLSYS\GEOSYMBOLSYS\DEBUG\GIS_SYMELECIRCLE.OBJ
F:\0.C++_STUDY\GEOSYMBOLSYS\GEOSYMBOLSYS\DEBUG\GIS_SYMELEPLOY.OBJ
F:\0.C++_STUDY\GEOSYMBOLSYS\GEOSYMBOLSYS\DEBUG\GIS_SYMELERECT.OBJ
F:\0.C++_STUDY\GEOSYMBOLSYS\GEOSYMBOLSYS\DEBUG\GIS_SYMELESEGMENT.OBJ
F:\0.C++_STUDY\GEOSYMBOLSYS\GEOSYMBOLSYS\DEBUG\GIS_SYMLINE.OBJ
F:\0.C++_STUDY\GEOSYMBOLSYS\GEOSYMBOLSYS\DEBUG\GIS_SYMPOINT.OBJ
F:\0.C++_STUDY\GEOSYMBOLSYS\GEOSYMBOLSYS\DEBUG\GIS_TOOLADDLINE.OBJ
F:\0.C++_STUDY\GEOSYMBOLSYS\GEOSYMBOLSYS\DEBUG\GIS_TOOLADDPNT.OBJ
F:\0.C++_STUDY\GEOSYMBOLSYS\GEOSYMBOLSYS\DEBUG\GIS_TOOLPAN.OBJ
F:\0.C++_STUDY\GEOSYMBOLSYS\GEOSYMBOLSYS\DEBUG\GIS_TOOLSELECT.OBJ
F:\0.C++_STUDY\GEOSYMBOLSYS\GEOSYMBOLSYS\DEBUG\GIS_TOOLZOOMIN.OBJ
F:\0.C++_STUDY\GEOSYMBOLSYS\GEOSYMBOLSYS\DEBUG\GIS_TOOLZOOMOUT.OBJ
F:\0.C++_STUDY\GEOSYMBOLSYS\GEOSYMBOLSYS\DEBUG\GISWORKSPACE.OBJ
F:\0.C++_STUDY\GEOSYMBOLSYS\GEOSYMBOLSYS\DEBUG\IGIS_GEOELEBASE.OBJ
F:\0.C++_STUDY\GEOSYMBOLSYS\GEOSYMBOLSYS\DEBUG\IGIS_SYMBASE.OBJ
F:\0.C++_STUDY\GEOSYMBOLSYS\GEOSYMBOLSYS\DEBUG\IGIS_SYMELEMENT.OBJ
F:\0.C++_STUDY\GEOSYMBOLSYS\GEOSYMBOLSYS\DEBUG\IGIS_TOOLBASE.OBJ
F:\0.C++_STUDY\GEOSYMBOLSYS\GEOSYMBOLSYS\DEBUG\MAINFRM.OBJ
F:\0.C++_STUDY\GEOSYMBOLSYS\GEOSYMBOLSYS\DEBUG\STDAFX.OBJ
F:\0.C++_STUDY\GEOSYMBOLSYS\GEOSYMBOLSYS\DEBUG\VC100.PDB
F:\0.C++_STUDY\GEOSYMBOLSYS\GEOSYMBOLSYS\DEBUG\VERTEX2D.OBJ
H:\0.C++_STUDY\GEOSYMBOLSYS\DEBUG\GEOSYMBOLSYS.EXE
H:\0.C++_STUDY\GEOSYMBOLSYS\DEBUG\GEOSYMBOLSYS.ILK
H:\0.C++_STUDY\GEOSYMBOLSYS\DEBUG\GEOSYMBOLSYS.PDB
H:\0.C++_STUDY\GEOSYMBOLSYS\GEOSYMBOLSYS\DEBUG\AREARECT.OBJ
H:\0.C++_Study\GeoSymbolSys\GeoSymbolSys\Debug\cl.command.1.tlog
H:\0.C++_Study\GeoSymbolSys\GeoSymbolSys\Debug\CL.read.1.tlog
H:\0.C++_Study\GeoSymbolSys\GeoSymbolSys\Debug\CL.write.1.tlog
H:\0.C++_Study\GeoSymbolSys\GeoSymbolSys\Debug\GeoSymbolSys.exe.embed.manifest
H:\0.C++_STUDY\GEOSYMBOLSYS\GEOSYMBOLSYS\DEBUG\GEOSYMBOLSYS.EXE.EMBED.MANIFEST.RES
H:\0.C++_STUDY\GEOSYMBOLSYS\GEOSYMBOLSYS\DEBUG\GEOSYMBOLSYS.EXE.INTERMEDIATE.MANIFEST
H:\0.C++_STUDY\GEOSYMBOLSYS\GEOSYMBOLSYS\DEBUG\GEOSYMBOLSYS.OBJ
H:\0.C++_STUDY\GEOSYMBOLSYS\GEOSYMBOLSYS\DEBUG\GEOSYMBOLSYS.PCH
H:\0.C++_STUDY\GEOSYMBOLSYS\GEOSYMBOLSYS\DEBUG\GEOSYMBOLSYS.RES
H:\0.C++_Study\GeoSymbolSys\GeoSymbolSys\Debug\GeoSymbolSys.vcxprojResolveAssemblyReference.cache
H:\0.C++_Study\GeoSymbolSys\GeoSymbolSys\Debug\GeoSymbolSys.write.1.tlog
H:\0.C++_Study\GeoSymbolSys\GeoSymbolSys\Debug\GeoSymbolSys_manifest.rc
H:\0.C++_STUDY\GEOSYMBOLSYS\GEOSYMBOLSYS\DEBUG\GEOSYMBOLSYSDOC.OBJ
H:\0.C++_STUDY\GEOSYMBOLSYS\GEOSYMBOLSYS\DEBUG\GEOSYMBOLSYSVIEW.OBJ
H:\0.C++_STUDY\GEOSYMBOLSYS\GEOSYMBOLSYS\DEBUG\GIS_GEOLINE.OBJ
H:\0.C++_STUDY\GEOSYMBOLSYS\GEOSYMBOLSYS\DEBUG\GIS_GEOPOINT.OBJ
H:\0.C++_STUDY\GEOSYMBOLSYS\GEOSYMBOLSYS\DEBUG\GIS_SYMELEARC.OBJ
H:\0.C++_STUDY\GEOSYMBOLSYS\GEOSYMBOLSYS\DEBUG\GIS_SYMELECIRCLE.OBJ
H:\0.C++_STUDY\GEOSYMBOLSYS\GEOSYMBOLSYS\DEBUG\GIS_SYMELEPLOY.OBJ
H:\0.C++_STUDY\GEOSYMBOLSYS\GEOSYMBOLSYS\DEBUG\GIS_SYMELERECT.OBJ
H:\0.C++_STUDY\GEOSYMBOLSYS\GEOSYMBOLSYS\DEBUG\GIS_SYMELESEGMENT.OBJ
H:\0.C++_STUDY\GEOSYMBOLSYS\GEOSYMBOLSYS\DEBUG\GIS_SYMLINE.OBJ
H:\0.C++_STUDY\GEOSYMBOLSYS\GEOSYMBOLSYS\DEBUG\GIS_SYMPOINT.OBJ
H:\0.C++_STUDY\GEOSYMBOLSYS\GEOSYMBOLSYS\DEBUG\GIS_TOOLADDLINE.OBJ
H:\0.C++_STUDY\GEOSYMBOLSYS\GEOSYMBOLSYS\DEBUG\GIS_TOOLADDPNT.OBJ
H:\0.C++_STUDY\GEOSYMBOLSYS\GEOSYMBOLSYS\DEBUG\GIS_TOOLPAN.OBJ
H:\0.C++_STUDY\GEOSYMBOLSYS\GEOSYMBOLSYS\DEBUG\GIS_TOOLSELECT.OBJ
H:\0.C++_STUDY\GEOSYMBOLSYS\GEOSYMBOLSYS\DEBUG\GIS_TOOLZOOMIN.OBJ
H:\0.C++_STUDY\GEOSYMBOLSYS\GEOSYMBOLSYS\DEBUG\GIS_TOOLZOOMOUT.OBJ
H:\0.C++_STUDY\GEOSYMBOLSYS\GEOSYMBOLSYS\DEBUG\GISWORKSPACE.OBJ
H:\0.C++_STUDY\GEOSYMBOLSYS\GEOSYMBOLSYS\DEBUG\IGIS_GEOELEBASE.OBJ
H:\0.C++_STUDY\GEOSYMBOLSYS\GEOSYMBOLSYS\DEBUG\IGIS_SYMBASE.OBJ
H:\0.C++_STUDY\GEOSYMBOLSYS\GEOSYMBOLSYS\DEBUG\IGIS_SYMELEMENT.OBJ
H:\0.C++_STUDY\GEOSYMBOLSYS\GEOSYMBOLSYS\DEBUG\IGIS_TOOLBASE.OBJ
H:\0.C++_Study\GeoSymbolSys\GeoSymbolSys\Debug\link.command.1.tlog
H:\0.C++_Study\GeoSymbolSys\GeoSymbolSys\Debug\link.read.1.tlog
H:\0.C++_Study\GeoSymbolSys\GeoSymbolSys\Debug\link.write.1.tlog
H:\0.C++_Study\GeoSymbolSys\GeoSymbolSys\Debug\link-cvtres.read.1.tlog
H:\0.C++_Study\GeoSymbolSys\GeoSymbolSys\Debug\link-cvtres.write.1.tlog
H:\0.C++_STUDY\GEOSYMBOLSYS\GEOSYMBOLSYS\DEBUG\MAINFRM.OBJ
H:\0.C++_Study\GeoSymbolSys\GeoSymbolSys\Debug\mt.command.1.tlog
H:\0.C++_Study\GeoSymbolSys\GeoSymbolSys\Debug\mt.read.1.tlog
H:\0.C++_Study\GeoSymbolSys\GeoSymbolSys\Debug\mt.write.1.tlog
H:\0.C++_Study\GeoSymbolSys\GeoSymbolSys\Debug\rc.command.1.tlog
H:\0.C++_Study\GeoSymbolSys\GeoSymbolSys\Debug\rc.read.1.tlog
H:\0.C++_Study\GeoSymbolSys\GeoSymbolSys\Debug\rc.write.1.tlog
H:\0.C++_STUDY\GEOSYMBOLSYS\GEOSYMBOLSYS\DEBUG\STDAFX.OBJ
H:\0.C++_Study\GeoSymbolSys\GeoSymbolSys\Debug\vc100.idb
H:\0.C++_STUDY\GEOSYMBOLSYS\GEOSYMBOLSYS\DEBUG\VC100.PDB
H:\0.C++_STUDY\GEOSYMBOLSYS\GEOSYMBOLSYS\DEBUG\VERTEX2D.OBJ
